Analysis & Synthesis report for Negator
Tue Feb 24 00:50:39 2015
Quartus II 32-bit Version 13.1.0 Build 162 10/23/2013 SJ Web Edition


---------------------
; Table of Contents ;
---------------------
  1. Legal Notice
  2. Analysis & Synthesis Summary
  3. Analysis & Synthesis Settings
  4. Analysis & Synthesis Source Files Read
  5. Analysis & Synthesis Resource Usage Summary
  6. Analysis & Synthesis Resource Utilization by Entity
  7. General Register Statistics
  8. Port Connectivity Checks: "Bin2Segs:b2s|BCD7Seg:bcd7seg3"
  9. Port Connectivity Checks: "Bin2Segs:b2s|BCD7Seg:bcd7seg2"
 10. Port Connectivity Checks: "Bin2Segs:b2s|BCD7Seg:bcd7seg1"
 11. Port Connectivity Checks: "Bin2Segs:b2s|Bin2BCD8:b2bcd8|Add3:Add3Digit5"
 12. Port Connectivity Checks: "Bin2Segs:b2s|Bin2BCD8:b2bcd8|Add3:Add3Digit0"
 13. Port Connectivity Checks: "Bin2Segs:b2s|AbsSign:abs|Negator:neg|RCA8:rca8|FullAdder:fa0"
 14. Port Connectivity Checks: "Bin2Segs:b2s|AbsSign:abs|Negator:neg|RCA8:rca8"
 15. Port Connectivity Checks: "Bin2Segs:b2s"
 16. Elapsed Time Per Partition
 17. Analysis & Synthesis Messages



----------------
; Legal Notice ;
----------------
Copyright (C) 1991-2013 Altera Corporation
Your use of Altera Corporation's design tools, logic functions 
and other software and tools, and its AMPP partner logic 
functions, and any output files from any of the foregoing 
(including device programming or simulation files), and any 
associated documentation or information are expressly subject 
to the terms and conditions of the Altera Program License 
Subscription Agreement, Altera MegaCore Function License 
Agreement, or other applicable license agreement, including, 
without limitation, that your use is for the sole purpose of 
programming logic devices manufactured by Altera and sold by 
Altera or its authorized distributors.  Please refer to the 
applicable agreement for further details.



+---------------------------------------------------------------------------------+
; Analysis & Synthesis Summary                                                    ;
+------------------------------------+--------------------------------------------+
; Analysis & Synthesis Status        ; Successful - Tue Feb 24 00:50:39 2015      ;
; Quartus II 32-bit Version          ; 13.1.0 Build 162 10/23/2013 SJ Web Edition ;
; Revision Name                      ; Negator                                    ;
; Top-level Entity Name              ; Bin2Segs_wrapper                           ;
; Family                             ; Cyclone IV E                               ;
; Total logic elements               ; 0                                          ;
;     Total combinational functions  ; 0                                          ;
;     Dedicated logic registers      ; 0                                          ;
; Total registers                    ; 0                                          ;
; Total pins                         ; 64                                         ;
; Total virtual pins                 ; 0                                          ;
; Total memory bits                  ; 0                                          ;
; Embedded Multiplier 9-bit elements ; 0                                          ;
; Total PLLs                         ; 0                                          ;
+------------------------------------+--------------------------------------------+


+----------------------------------------------------------------------------------------------------------------------+
; Analysis & Synthesis Settings                                                                                        ;
+----------------------------------------------------------------------------+--------------------+--------------------+
; Option                                                                     ; Setting            ; Default Value      ;
+----------------------------------------------------------------------------+--------------------+--------------------+
; Device                                                                     ; EP4CE115F29C7      ;                    ;
; Top-level entity name                                                      ; Bin2Segs_wrapper   ; Negator            ;
; Family name                                                                ; Cyclone IV E       ; Cyclone IV GX      ;
; Use smart compilation                                                      ; Off                ; Off                ;
; Enable parallel Assembler and TimeQuest Timing Analyzer during compilation ; On                 ; On                 ;
; Enable compact report table                                                ; Off                ; Off                ;
; Restructure Multiplexers                                                   ; Auto               ; Auto               ;
; Create Debugging Nodes for IP Cores                                        ; Off                ; Off                ;
; Preserve fewer node names                                                  ; On                 ; On                 ;
; Disable OpenCore Plus hardware evaluation                                  ; Off                ; Off                ;
; Verilog Version                                                            ; Verilog_2001       ; Verilog_2001       ;
; VHDL Version                                                               ; VHDL_1993          ; VHDL_1993          ;
; State Machine Processing                                                   ; Auto               ; Auto               ;
; Safe State Machine                                                         ; Off                ; Off                ;
; Extract Verilog State Machines                                             ; On                 ; On                 ;
; Extract VHDL State Machines                                                ; On                 ; On                 ;
; Ignore Verilog initial constructs                                          ; Off                ; Off                ;
; Iteration limit for constant Verilog loops                                 ; 5000               ; 5000               ;
; Iteration limit for non-constant Verilog loops                             ; 250                ; 250                ;
; Add Pass-Through Logic to Inferred RAMs                                    ; On                 ; On                 ;
; Infer RAMs from Raw Logic                                                  ; On                 ; On                 ;
; Parallel Synthesis                                                         ; On                 ; On                 ;
; DSP Block Balancing                                                        ; Auto               ; Auto               ;
; NOT Gate Push-Back                                                         ; On                 ; On                 ;
; Power-Up Don't Care                                                        ; On                 ; On                 ;
; Remove Redundant Logic Cells                                               ; Off                ; Off                ;
; Remove Duplicate Registers                                                 ; On                 ; On                 ;
; Ignore CARRY Buffers                                                       ; Off                ; Off                ;
; Ignore CASCADE Buffers                                                     ; Off                ; Off                ;
; Ignore GLOBAL Buffers                                                      ; Off                ; Off                ;
; Ignore ROW GLOBAL Buffers                                                  ; Off                ; Off                ;
; Ignore LCELL Buffers                                                       ; Off                ; Off                ;
; Ignore SOFT Buffers                                                        ; On                 ; On                 ;
; Limit AHDL Integers to 32 Bits                                             ; Off                ; Off                ;
; Optimization Technique                                                     ; Balanced           ; Balanced           ;
; Carry Chain Length                                                         ; 70                 ; 70                 ;
; Auto Carry Chains                                                          ; On                 ; On                 ;
; Auto Open-Drain Pins                                                       ; On                 ; On                 ;
; Perform WYSIWYG Primitive Resynthesis                                      ; Off                ; Off                ;
; Auto ROM Replacement                                                       ; On                 ; On                 ;
; Auto RAM Replacement                                                       ; On                 ; On                 ;
; Auto DSP Block Replacement                                                 ; On                 ; On                 ;
; Auto Shift Register Replacement                                            ; Auto               ; Auto               ;
; Allow Shift Register Merging across Hierarchies                            ; Auto               ; Auto               ;
; Auto Clock Enable Replacement                                              ; On                 ; On                 ;
; Strict RAM Replacement                                                     ; Off                ; Off                ;
; Allow Synchronous Control Signals                                          ; On                 ; On                 ;
; Force Use of Synchronous Clear Signals                                     ; Off                ; Off                ;
; Auto RAM Block Balancing                                                   ; On                 ; On                 ;
; Auto RAM to Logic Cell Conversion                                          ; Off                ; Off                ;
; Auto Resource Sharing                                                      ; Off                ; Off                ;
; Allow Any RAM Size For Recognition                                         ; Off                ; Off                ;
; Allow Any ROM Size For Recognition                                         ; Off                ; Off                ;
; Allow Any Shift Register Size For Recognition                              ; Off                ; Off                ;
; Use LogicLock Constraints during Resource Balancing                        ; On                 ; On                 ;
; Ignore translate_off and synthesis_off directives                          ; Off                ; Off                ;
; Timing-Driven Synthesis                                                    ; On                 ; On                 ;
; Report Parameter Settings                                                  ; On                 ; On                 ;
; Report Source Assignments                                                  ; On                 ; On                 ;
; Report Connectivity Checks                                                 ; On                 ; On                 ;
; Ignore Maximum Fan-Out Assignments                                         ; Off                ; Off                ;
; Synchronization Register Chain Length                                      ; 2                  ; 2                  ;
; PowerPlay Power Optimization                                               ; Normal compilation ; Normal compilation ;
; HDL message level                                                          ; Level2             ; Level2             ;
; Suppress Register Optimization Related Messages                            ; Off                ; Off                ;
; Number of Removed Registers Reported in Synthesis Report                   ; 5000               ; 5000               ;
; Number of Swept Nodes Reported in Synthesis Report                         ; 5000               ; 5000               ;
; Number of Inverted Registers Reported in Synthesis Report                  ; 100                ; 100                ;
; Clock MUX Protection                                                       ; On                 ; On                 ;
; Auto Gated Clock Conversion                                                ; Off                ; Off                ;
; Block Design Naming                                                        ; Auto               ; Auto               ;
; SDC constraint protection                                                  ; Off                ; Off                ;
; Synthesis Effort                                                           ; Auto               ; Auto               ;
; Shift Register Replacement - Allow Asynchronous Clear Signal               ; On                 ; On                 ;
; Pre-Mapping Resynthesis Optimization                                       ; Off                ; Off                ;
; Analysis & Synthesis Message Level                                         ; Medium             ; Medium             ;
; Disable Register Merging Across Hierarchies                                ; Auto               ; Auto               ;
; Resource Aware Inference For Block RAM                                     ; On                 ; On                 ;
; Synthesis Seed                                                             ; 1                  ; 1                  ;
+----------------------------------------------------------------------------+--------------------+--------------------+


+-------------------------------------------------------------------------------------------------------------------------------------------------------------------+
; Analysis & Synthesis Source Files Read                                                                                                                            ;
+----------------------------------+-----------------+------------------------+---------------------------------------------------------------------------+---------+
; File Name with User-Entered Path ; Used in Netlist ; File Type              ; File Name with Absolute Path                                              ; Library ;
+----------------------------------+-----------------+------------------------+---------------------------------------------------------------------------+---------+
; Bin2Segs_wrapper.v               ; yes             ; User Verilog HDL File  ; C:/Users/charlesshinaver/Desktop/LogicDesign/Labs/Lab3/Bin2Segs_wrapper.v ;         ;
; FullAdder.v                      ; yes             ; User Verilog HDL File  ; C:/Users/charlesshinaver/Desktop/LogicDesign/Labs/Lab3/FullAdder.v        ;         ;
; RCA8.v                           ; yes             ; User Verilog HDL File  ; C:/Users/charlesshinaver/Desktop/LogicDesign/Labs/Lab3/RCA8.v             ;         ;
; Bin2BCD.v                        ; yes             ; User Verilog HDL File  ; C:/Users/charlesshinaver/Desktop/LogicDesign/Labs/Lab3/Bin2BCD.v          ;         ;
; Add3.v                           ; yes             ; User Verilog HDL File  ; C:/Users/charlesshinaver/Desktop/LogicDesign/Labs/Lab3/Add3.v             ;         ;
; Negator.v                        ; yes             ; User Verilog HDL File  ; C:/Users/charlesshinaver/Desktop/LogicDesign/Labs/Lab3/Negator.v          ;         ;
; BusMux.v                         ; yes             ; User Verilog HDL File  ; C:/Users/charlesshinaver/Desktop/LogicDesign/Labs/Lab3/BusMux.v           ;         ;
; AbsSign.v                        ; yes             ; User Verilog HDL File  ; C:/Users/charlesshinaver/Desktop/LogicDesign/Labs/Lab3/AbsSign.v          ;         ;
; BCD7Seg.v                        ; yes             ; User Verilog HDL File  ; C:/Users/charlesshinaver/Desktop/LogicDesign/Labs/Lab3/BCD7Seg.v          ;         ;
; Bin2Segs.v                       ; yes             ; User Verilog HDL File  ; C:/Users/charlesshinaver/Desktop/LogicDesign/Labs/Lab3/Bin2Segs.v         ;         ;
+----------------------------------+-----------------+------------------------+---------------------------------------------------------------------------+---------+


+-----------------------------------------------------+
; Analysis & Synthesis Resource Usage Summary         ;
+---------------------------------------------+-------+
; Resource                                    ; Usage ;
+---------------------------------------------+-------+
;                                             ;       ;
; Total combinational functions               ; 0     ;
; Logic element usage by number of LUT inputs ;       ;
;     -- 4 input functions                    ; 0     ;
;     -- 3 input functions                    ; 0     ;
;     -- <=2 input functions                  ; 0     ;
;                                             ;       ;
; Logic elements by mode                      ;       ;
;     -- normal mode                          ; 0     ;
;     -- arithmetic mode                      ; 0     ;
;                                             ;       ;
; Total registers                             ; 0     ;
;     -- Dedicated logic registers            ; 0     ;
;     -- I/O registers                        ; 0     ;
;                                             ;       ;
; I/O pins                                    ; 64    ;
; Embedded Multiplier 9-bit elements          ; 0     ;
; Maximum fan-out node                        ; SW[7] ;
; Maximum fan-out                             ; 1     ;
; Total fan-out                               ; 71    ;
; Average fan-out                             ; 0.55  ;
+---------------------------------------------+-------+


+-----------------------------------------------------------------------------------------------------------------------------------------------------------------------------+
; Analysis & Synthesis Resource Utilization by Entity                                                                                                                         ;
+----------------------------+-------------------+--------------+-------------+--------------+---------+-----------+------+--------------+---------------------+--------------+
; Compilation Hierarchy Node ; LC Combinationals ; LC Registers ; Memory Bits ; DSP Elements ; DSP 9x9 ; DSP 18x18 ; Pins ; Virtual Pins ; Full Hierarchy Name ; Library Name ;
+----------------------------+-------------------+--------------+-------------+--------------+---------+-----------+------+--------------+---------------------+--------------+
; |Bin2Segs_wrapper          ; 0 (0)             ; 0 (0)        ; 0           ; 0            ; 0       ; 0         ; 64   ; 0            ; |Bin2Segs_wrapper   ; work         ;
+----------------------------+-------------------+--------------+-------------+--------------+---------+-----------+------+--------------+---------------------+--------------+
Note: For table entries with two numbers listed, the numbers in parentheses indicate the number of resources of the given type used by the specific entity alone. The numbers listed outside of parentheses indicate the total resources of the given type used by the specific entity and all of its sub-entities in the hierarchy.


+------------------------------------------------------+
; General Register Statistics                          ;
+----------------------------------------------+-------+
; Statistic                                    ; Value ;
+----------------------------------------------+-------+
; Total registers                              ; 0     ;
; Number of registers using Synchronous Clear  ; 0     ;
; Number of registers using Synchronous Load   ; 0     ;
; Number of registers using Asynchronous Clear ; 0     ;
; Number of registers using Asynchronous Load  ; 0     ;
; Number of registers using Clock Enable       ; 0     ;
; Number of registers using Preset             ; 0     ;
+----------------------------------------------+-------+


+---------------------------------------------------------------------------------------------------------------------------------------------------------------------------------------------------------+
; Port Connectivity Checks: "Bin2Segs:b2s|BCD7Seg:bcd7seg3"                                                                                                                                               ;
+-------------+--------+----------+-----------------------------------------------------------------------------------------------------------------------------------------------------------------------+
; Port        ; Type   ; Severity ; Details                                                                                                                                                               ;
+-------------+--------+----------+-----------------------------------------------------------------------------------------------------------------------------------------------------------------------+
; outSegments ; Output ; Warning  ; Output or bidir port (7 bits) is smaller than the port expression (8 bits) it drives.  The 1 most-significant bit(s) in the port expression will be connected to GND. ;
+-------------+--------+----------+-----------------------------------------------------------------------------------------------------------------------------------------------------------------------+


+---------------------------------------------------------------------------------------------------------------------------------------------------------------------------------------------------------+
; Port Connectivity Checks: "Bin2Segs:b2s|BCD7Seg:bcd7seg2"                                                                                                                                               ;
+-------------+--------+----------+-----------------------------------------------------------------------------------------------------------------------------------------------------------------------+
; Port        ; Type   ; Severity ; Details                                                                                                                                                               ;
+-------------+--------+----------+-----------------------------------------------------------------------------------------------------------------------------------------------------------------------+
; outSegments ; Output ; Warning  ; Output or bidir port (7 bits) is smaller than the port expression (8 bits) it drives.  The 1 most-significant bit(s) in the port expression will be connected to GND. ;
+-------------+--------+----------+-----------------------------------------------------------------------------------------------------------------------------------------------------------------------+


+---------------------------------------------------------------------------------------------------------------------------------------------------------------------------------------------------------+
; Port Connectivity Checks: "Bin2Segs:b2s|BCD7Seg:bcd7seg1"                                                                                                                                               ;
+-------------+--------+----------+-----------------------------------------------------------------------------------------------------------------------------------------------------------------------+
; Port        ; Type   ; Severity ; Details                                                                                                                                                               ;
+-------------+--------+----------+-----------------------------------------------------------------------------------------------------------------------------------------------------------------------+
; outSegments ; Output ; Warning  ; Output or bidir port (7 bits) is smaller than the port expression (8 bits) it drives.  The 1 most-significant bit(s) in the port expression will be connected to GND. ;
+-------------+--------+----------+-----------------------------------------------------------------------------------------------------------------------------------------------------------------------+


+--------------------------------------------------------------------------+
; Port Connectivity Checks: "Bin2Segs:b2s|Bin2BCD8:b2bcd8|Add3:Add3Digit5" ;
+------+-------+----------+------------------------------------------------+
; Port ; Type  ; Severity ; Details                                        ;
+------+-------+----------+------------------------------------------------+
; A[3] ; Input ; Info     ; Stuck at GND                                   ;
+------+-------+----------+------------------------------------------------+


+--------------------------------------------------------------------------+
; Port Connectivity Checks: "Bin2Segs:b2s|Bin2BCD8:b2bcd8|Add3:Add3Digit0" ;
+------+-------+----------+------------------------------------------------+
; Port ; Type  ; Severity ; Details                                        ;
+------+-------+----------+------------------------------------------------+
; A[3] ; Input ; Info     ; Stuck at GND                                   ;
+------+-------+----------+------------------------------------------------+


+------------------------------------------------------------------------------------------+
; Port Connectivity Checks: "Bin2Segs:b2s|AbsSign:abs|Negator:neg|RCA8:rca8|FullAdder:fa0" ;
+------+-------+----------+----------------------------------------------------------------+
; Port ; Type  ; Severity ; Details                                                        ;
+------+-------+----------+----------------------------------------------------------------+
; cin  ; Input ; Info     ; Stuck at GND                                                   ;
+------+-------+----------+----------------------------------------------------------------+


+-------------------------------------------------------------------------------------------------------------------+
; Port Connectivity Checks: "Bin2Segs:b2s|AbsSign:abs|Negator:neg|RCA8:rca8"                                        ;
+---------+--------+----------+-------------------------------------------------------------------------------------+
; Port    ; Type   ; Severity ; Details                                                                             ;
+---------+--------+----------+-------------------------------------------------------------------------------------+
; b[7..1] ; Input  ; Info     ; Stuck at GND                                                                        ;
; b[0]    ; Input  ; Info     ; Stuck at VCC                                                                        ;
; s[8]    ; Output ; Info     ; Connected to dangling logic. Logic that only feeds a dangling port will be removed. ;
+---------+--------+----------+-------------------------------------------------------------------------------------+


+------------------------------------------------------------------------------------------------------------------------------------------------------------+
; Port Connectivity Checks: "Bin2Segs:b2s"                                                                                                                   ;
+----------+--------+----------+-----------------------------------------------------------------------------------------------------------------------------+
; Port     ; Type   ; Severity ; Details                                                                                                                     ;
+----------+--------+----------+-----------------------------------------------------------------------------------------------------------------------------+
; hundreds ; Output ; Warning  ; Output or bidir port (8 bits) is wider than the port expression (7 bits) it drives; bit(s) "hundreds[7..7]" have no fanouts ;
; tens     ; Output ; Warning  ; Output or bidir port (8 bits) is wider than the port expression (7 bits) it drives; bit(s) "tens[7..7]" have no fanouts     ;
; ones     ; Output ; Warning  ; Output or bidir port (8 bits) is wider than the port expression (7 bits) it drives; bit(s) "ones[7..7]" have no fanouts     ;
+----------+--------+----------+-----------------------------------------------------------------------------------------------------------------------------+


+-------------------------------+
; Elapsed Time Per Partition    ;
+----------------+--------------+
; Partition Name ; Elapsed Time ;
+----------------+--------------+
; Top            ; 00:00:00     ;
+----------------+--------------+


+-------------------------------+
; Analysis & Synthesis Messages ;
+-------------------------------+
Info: *******************************************************************
Info: Running Quartus II 32-bit Analysis & Synthesis
    Info: Version 13.1.0 Build 162 10/23/2013 SJ Web Edition
    Info: Processing started: Tue Feb 24 00:50:35 2015
Info: Command: quartus_map --read_settings_files=on --write_settings_files=off Lab3 -c Negator
Warning (20028): Parallel compilation is not licensed and has been disabled
Info (12021): Found 1 design units, including 1 entities, in source file bin2segs_wrapper.v
    Info (12023): Found entity 1: Bin2Segs_wrapper
Info (12021): Found 1 design units, including 1 entities, in source file fulladder.v
    Info (12023): Found entity 1: FullAdder
Info (12021): Found 1 design units, including 1 entities, in source file rca8.v
    Info (12023): Found entity 1: RCA8
Info (12021): Found 3 design units, including 3 entities, in source file bin2bcd_testbench.v
    Info (12023): Found entity 1: Bin2BCD4_testbench
    Info (12023): Found entity 2: Bin2BCD8_testbench
    Info (12023): Found entity 3: Bin2BCD16_testbench
Info (12021): Found 3 design units, including 3 entities, in source file bin2bcd.v
    Info (12023): Found entity 1: Bin2BCD4
    Info (12023): Found entity 2: Bin2BCD8
    Info (12023): Found entity 3: Bin2BCD16
Info (12021): Found 1 design units, including 1 entities, in source file addsub_testbench.v
    Info (12023): Found entity 1: AddSub_testbench
Info (12021): Found 2 design units, including 2 entities, in source file add3.v
    Info (12023): Found entity 1: Add3
    Info (12023): Found entity 2: Add3b
Info (12021): Found 1 design units, including 1 entities, in source file negator.v
    Info (12023): Found entity 1: Negator
Info (12021): Found 1 design units, including 1 entities, in source file negatortestbench.v
    Info (12023): Found entity 1: NegatorTestBench
Warning (12090): Entity "BusMux" obtained from "BusMux.v" instead of from Quartus II megafunction library
Info (12021): Found 1 design units, including 1 entities, in source file busmux.v
    Info (12023): Found entity 1: BusMux
Info (12021): Found 1 design units, including 1 entities, in source file busmuxtestbench.v
    Info (12023): Found entity 1: BusMuxTestBench
Info (12021): Found 1 design units, including 1 entities, in source file abssign.v
    Info (12023): Found entity 1: AbsSign
Info (12021): Found 1 design units, including 1 entities, in source file abssigntestbench.v
    Info (12023): Found entity 1: AbsSignTestBench
Info (12021): Found 1 design units, including 1 entities, in source file bcd7seg.v
    Info (12023): Found entity 1: BCD7Seg
Info (12021): Found 1 design units, including 1 entities, in source file bin2segs.v
    Info (12023): Found entity 1: Bin2Segs
Info (12127): Elaborating entity "Bin2Segs_wrapper" for the top level hierarchy
Warning (10034): Output port "LEDR[17..7]" at Bin2Segs_wrapper.v(4) has no driver
Info (12128): Elaborating entity "Bin2Segs" for hierarchy "Bin2Segs:b2s"
Info (12128): Elaborating entity "AbsSign" for hierarchy "Bin2Segs:b2s|AbsSign:abs"
Info (12128): Elaborating entity "Negator" for hierarchy "Bin2Segs:b2s|AbsSign:abs|Negator:neg"
Info (12128): Elaborating entity "RCA8" for hierarchy "Bin2Segs:b2s|AbsSign:abs|Negator:neg|RCA8:rca8"
Info (12128): Elaborating entity "FullAdder" for hierarchy "Bin2Segs:b2s|AbsSign:abs|Negator:neg|RCA8:rca8|FullAdder:fa0"
Info (12128): Elaborating entity "BusMux" for hierarchy "Bin2Segs:b2s|AbsSign:abs|BusMux:bm"
Info (12128): Elaborating entity "Bin2BCD8" for hierarchy "Bin2Segs:b2s|Bin2BCD8:b2bcd8"
Info (12128): Elaborating entity "Add3" for hierarchy "Bin2Segs:b2s|Bin2BCD8:b2bcd8|Add3:Add3Digit0"
Info (12128): Elaborating entity "BCD7Seg" for hierarchy "Bin2Segs:b2s|BCD7Seg:bcd7seg1"
Warning (12241): 4 hierarchies have connectivity warnings - see the Connectivity Checks report folder
Warning (13024): Output pins are stuck at VCC or GND
    Warning (13410): Pin "HEX0[0]" is stuck at GND
    Warning (13410): Pin "HEX0[1]" is stuck at GND
    Warning (13410): Pin "HEX0[2]" is stuck at GND
    Warning (13410): Pin "HEX0[3]" is stuck at GND
    Warning (13410): Pin "HEX0[4]" is stuck at GND
    Warning (13410): Pin "HEX0[5]" is stuck at GND
    Warning (13410): Pin "HEX0[6]" is stuck at VCC
    Warning (13410): Pin "HEX1[0]" is stuck at GND
    Warning (13410): Pin "HEX1[1]" is stuck at GND
    Warning (13410): Pin "HEX1[2]" is stuck at GND
    Warning (13410): Pin "HEX1[3]" is stuck at GND
    Warning (13410): Pin "HEX1[4]" is stuck at GND
    Warning (13410): Pin "HEX1[5]" is stuck at GND
    Warning (13410): Pin "HEX1[6]" is stuck at VCC
    Warning (13410): Pin "HEX2[0]" is stuck at GND
    Warning (13410): Pin "HEX2[1]" is stuck at GND
    Warning (13410): Pin "HEX2[2]" is stuck at GND
    Warning (13410): Pin "HEX2[3]" is stuck at GND
    Warning (13410): Pin "HEX2[4]" is stuck at GND
    Warning (13410): Pin "HEX2[5]" is stuck at GND
    Warning (13410): Pin "HEX2[6]" is stuck at VCC
    Warning (13410): Pin "HEX3[0]" is stuck at GND
    Warning (13410): Pin "HEX3[1]" is stuck at GND
    Warning (13410): Pin "HEX3[2]" is stuck at GND
    Warning (13410): Pin "HEX3[3]" is stuck at GND
    Warning (13410): Pin "HEX3[4]" is stuck at GND
    Warning (13410): Pin "HEX3[5]" is stuck at GND
    Warning (13410): Pin "HEX3[6]" is stuck at GND
    Warning (13410): Pin "LEDR[7]" is stuck at GND
    Warning (13410): Pin "LEDR[8]" is stuck at GND
    Warning (13410): Pin "LEDR[9]" is stuck at GND
    Warning (13410): Pin "LEDR[10]" is stuck at GND
    Warning (13410): Pin "LEDR[11]" is stuck at GND
    Warning (13410): Pin "LEDR[12]" is stuck at GND
    Warning (13410): Pin "LEDR[13]" is stuck at GND
    Warning (13410): Pin "LEDR[14]" is stuck at GND
    Warning (13410): Pin "LEDR[15]" is stuck at GND
    Warning (13410): Pin "LEDR[16]" is stuck at GND
    Warning (13410): Pin "LEDR[17]" is stuck at GND
Info (16010): Generating hard_block partition "hard_block:auto_generated_inst"
    Info (16011): Adding 0 node(s), including 0 DDIO, 0 PLL, 0 transceiver and 0 LCELL
Warning (21074): Design contains 11 input pin(s) that do not drive logic
    Warning (15610): No output dependent on input pin "SW[7]"
    Warning (15610): No output dependent on input pin "SW[8]"
    Warning (15610): No output dependent on input pin "SW[9]"
    Warning (15610): No output dependent on input pin "SW[10]"
    Warning (15610): No output dependent on input pin "SW[11]"
    Warning (15610): No output dependent on input pin "SW[12]"
    Warning (15610): No output dependent on input pin "SW[13]"
    Warning (15610): No output dependent on input pin "SW[14]"
    Warning (15610): No output dependent on input pin "SW[15]"
    Warning (15610): No output dependent on input pin "SW[16]"
    Warning (15610): No output dependent on input pin "SW[17]"
Info (21057): Implemented 64 device resources after synthesis - the final resource count might be different
    Info (21058): Implemented 18 input pins
    Info (21059): Implemented 46 output pins
Info: Quartus II 32-bit Analysis & Synthesis was successful. 0 errors, 56 warnings
    Info: Peak virtual memory: 359 megabytes
    Info: Processing ended: Tue Feb 24 00:50:39 2015
    Info: Elapsed time: 00:00:04
    Info: Total CPU time (on all processors): 00:00:02


